app/build/intermediates/manifest_merge_blame_file/debug/manifest-merger-blame-debug-report.txt
1<?xml version="1.0" encoding="utf-8"?>
2<manifest xmlns:android="http://schemas.android.com/apk/res/android"
3    package="net.simplifiedcoding"
4    android:versionCode="1"
5    android:versionName="1.0" >
6
7    <uses-sdk
8        android:minSdkVersion="16"
8-->src\main\AndroidManifest.xml
9        android:targetSdkVersion="30" />
9-->src\main\AndroidManifest.xml
10
11    <uses-permission android:name="android.permission.ACCESS_NETWORK_STATE" />
11-->src\main\AndroidManifest.xml:5:5-79
11-->src\main\AndroidManifest.xml:5:22-76
12    <uses-permission android:name="android.permission.INTERNET" />
12-->src\main\AndroidManifest.xml:6:5-67
12-->src\main\AndroidManifest.xml:6:22-64
13
14    <application
14-->src\main\AndroidManifest.xml:8:5-27:19
15        android:allowBackup="true"
15-->src\main\AndroidManifest.xml:9:9-35
16        android:appComponentFactory="androidx.core.app.CoreComponentFactory"
16-->[androidx.core:core:1.3.2] AndroidManifest.xml:24:18-86
17        android:debuggable="true"
18        android:icon="@mipmap/ic_launcher"
18-->src\main\AndroidManifest.xml:10:9-43
19        android:label="@string/app_name"
19-->src\main\AndroidManifest.xml:11:9-41
20        android:roundIcon="@mipmap/ic_launcher_round"
20-->src\main\AndroidManifest.xml:12:9-54
21        android:supportsRtl="true"
21-->src\main\AndroidManifest.xml:13:9-35
22        android:theme="@style/AppTheme" >
22-->src\main\AndroidManifest.xml:14:9-40
23        <activity android:name="com.example.ui.home.HomeActivity" />
23-->src\main\AndroidManifest.xml:15:9-69
23-->src\main\AndroidManifest.xml:15:19-66
24        <activity android:name="com.example.ui.auth.AuthActivity" />
24-->src\main\AndroidManifest.xml:16:9-69
24-->src\main\AndroidManifest.xml:16:19-66
25        <activity
25-->src\main\AndroidManifest.xml:17:9-26:20
26            android:name="com.example.reglogapi.MainActivity"
26-->src\main\AndroidManifest.xml:18:13-41
27            android:label="@string/app_name"
27-->src\main\AndroidManifest.xml:19:13-45
28            android:theme="@style/AppTheme.NoActionBar" >
28-->src\main\AndroidManifest.xml:20:13-56
29            <intent-filter>
29-->src\main\AndroidManifest.xml:21:13-25:29
30                <action android:name="android.intent.action.MAIN" />
30-->src\main\AndroidManifest.xml:22:17-69
30-->src\main\AndroidManifest.xml:22:25-66
31
32                <category android:name="android.intent.category.LAUNCHER" />
32-->src\main\AndroidManifest.xml:24:17-77
32-->src\main\AndroidManifest.xml:24:27-74
33            </intent-filter>
34        </activity>
35
36        <provider
36-->[androidx.lifecycle:lifecycle-process:2.2.0] AndroidManifest.xml:25:9-29:43
37            android:name="androidx.lifecycle.ProcessLifecycleOwnerInitializer"
37-->[androidx.lifecycle:lifecycle-process:2.2.0] AndroidManifest.xml:26:13-79
38            android:authorities="net.simplifiedcoding.lifecycle-process"
38-->[androidx.lifecycle:lifecycle-process:2.2.0] AndroidManifest.xml:27:13-69
39            android:exported="false"
39-->[androidx.lifecycle:lifecycle-process:2.2.0] AndroidManifest.xml:28:13-37
40            android:multiprocess="true" />
40-->[androidx.lifecycle:lifecycle-process:2.2.0] AndroidManifest.xml:29:13-40
41    </application>
42
43</manifest>